{
  "stats": {
    "suites": 1,
    "tests": 12,
    "passes": 12,
    "pending": 0,
    "failures": 0,
    "start": "2019-04-16T14:14:26.910Z",
    "end": "2019-04-16T14:14:27.380Z",
    "duration": 470,
    "testsRegistered": 12,
    "passPercent": 100,
    "pendingPercent": 0,
    "other": 0,
    "hasOther": false,
    "skipped": 0,
    "hasSkipped": false,
    "passPercentClass": "success",
    "pendingPercentClass": "danger"
  },
  "suites": {
    "uuid": "064824bc-5ab0-46ed-9877-5c018ba70246",
    "title": "",
    "fullFile": "",
    "file": "",
    "beforeHooks": [],
    "afterHooks": [],
    "tests": [],
    "suites": [
      {
        "uuid": "6694124c-3f1b-4dca-9ede-88955a639fd3",
        "title": "拼音模糊搜索测试",
        "fullFile": "D:\\html\\git\\no-overflow-pinyin\\tests\\util\\matchPinyin.spec.js",
        "file": "\\tests\\util\\matchPinyin.spec.js",
        "beforeHooks": [],
        "afterHooks": [],
        "tests": [
          {
            "title": "全英文匹配",
            "fullTitle": "拼音模糊搜索测试 全英文匹配",
            "timedOut": false,
            "duration": 105,
            "state": "passed",
            "speed": "slow",
            "pass": true,
            "fail": false,
            "pending": false,
            "code": "assert.equal(matchPinyin('asdjqxfgh', 'asdjqxfgh'), true);\ndone();",
            "err": {},
            "isRoot": false,
            "uuid": "958a49c5-48f8-455d-895d-3120966d50f9",
            "isHook": false,
            "skipped": false
          },
          {
            "title": "全数字匹配",
            "fullTitle": "拼音模糊搜索测试 全数字匹配",
            "timedOut": false,
            "duration": 81,
            "state": "passed",
            "speed": "slow",
            "pass": true,
            "fail": false,
            "pending": false,
            "code": "assert.equal(matchPinyin('12345678', '12345678'), true);\ndone();",
            "err": {},
            "isRoot": false,
            "uuid": "67e49509-cb9a-4315-9a76-e22b8e07f34e",
            "isHook": false,
            "skipped": false
          },
          {
            "title": "全简单中文匹配",
            "fullTitle": "拼音模糊搜索测试 全简单中文匹配",
            "timedOut": false,
            "duration": 27,
            "state": "passed",
            "speed": "fast",
            "pass": true,
            "fail": false,
            "pending": false,
            "code": "assert.equal(matchPinyin('djqx', '的金奇晓'), true);\ndone();",
            "err": {},
            "isRoot": false,
            "uuid": "747fafad-94a2-4a0b-897d-813ca6dbef80",
            "isHook": false,
            "skipped": false
          },
          {
            "title": "全简单中文错误匹配",
            "fullTitle": "拼音模糊搜索测试 全简单中文错误匹配",
            "timedOut": false,
            "duration": 31,
            "state": "passed",
            "speed": "fast",
            "pass": true,
            "fail": false,
            "pending": false,
            "code": "assert.equal(matchPinyin('djqxasdasd', '的金奇晓'), false);\ndone();",
            "err": {},
            "isRoot": false,
            "uuid": "ef24d6c9-dac9-450f-8a9c-8df75c603664",
            "isHook": false,
            "skipped": false
          },
          {
            "title": "数字英文匹配",
            "fullTitle": "拼音模糊搜索测试 数字英文匹配",
            "timedOut": false,
            "duration": 68,
            "state": "passed",
            "speed": "medium",
            "pass": true,
            "fail": false,
            "pending": false,
            "code": "assert.equal(matchPinyin('1234jqx', '1234jqx'), true);\ndone();",
            "err": {},
            "isRoot": false,
            "uuid": "e21901c3-58e8-46c4-87c1-6007f79cc865",
            "isHook": false,
            "skipped": false
          },
          {
            "title": "英文中文匹配",
            "fullTitle": "拼音模糊搜索测试 英文中文匹配",
            "timedOut": false,
            "duration": 25,
            "state": "passed",
            "speed": "fast",
            "pass": true,
            "fail": false,
            "pending": false,
            "code": "assert.equal(matchPinyin('的jqx', '的金奇晓'), true);\ndone();",
            "err": {},
            "isRoot": false,
            "uuid": "8a5ca984-dccc-4b0b-b4ad-62a49d18698a",
            "isHook": false,
            "skipped": false
          },
          {
            "title": "数字中文匹配",
            "fullTitle": "拼音模糊搜索测试 数字中文匹配",
            "timedOut": false,
            "duration": 59,
            "state": "passed",
            "speed": "medium",
            "pass": true,
            "fail": false,
            "pending": false,
            "code": "assert.equal(matchPinyin('1234金奇晓', '1234金奇晓'), true);\ndone();",
            "err": {},
            "isRoot": false,
            "uuid": "7486f97f-7674-420d-8271-4ffb43a80f85",
            "isHook": false,
            "skipped": false
          },
          {
            "title": "数字英文中文匹配",
            "fullTitle": "拼音模糊搜索测试 数字英文中文匹配",
            "timedOut": false,
            "duration": 15,
            "state": "passed",
            "speed": "fast",
            "pass": true,
            "fail": false,
            "pending": false,
            "code": "assert.equal(matchPinyin('1234d金奇晓', '1234的金奇晓'), true);\ndone();",
            "err": {},
            "isRoot": false,
            "uuid": "a862c16f-eba2-4220-b382-a15d909cfb7b",
            "isHook": false,
            "skipped": false
          },
          {
            "title": "重复匹配",
            "fullTitle": "拼音模糊搜索测试 重复匹配",
            "timedOut": false,
            "duration": 19,
            "state": "passed",
            "speed": "fast",
            "pass": true,
            "fail": false,
            "pending": false,
            "code": "assert.equal(matchPinyin('jjjjqx', '急急金奇晓的急急急金奇晓'), true);\ndone();",
            "err": {},
            "isRoot": false,
            "uuid": "bf7a5d52-7bd0-4dac-b775-4e2cb3bbfa1f",
            "isHook": false,
            "skipped": false
          },
          {
            "title": "首字母全拼混合1",
            "fullTitle": "拼音模糊搜索测试 首字母全拼混合1",
            "timedOut": false,
            "duration": 6,
            "state": "passed",
            "speed": "fast",
            "pass": true,
            "fail": false,
            "pending": false,
            "code": "assert.equal(matchPinyin('ajinqxe', '啊金奇晓额'), true);\ndone();",
            "err": {},
            "isRoot": false,
            "uuid": "9cc29909-0419-4939-8c9b-1e60fc83cb62",
            "isHook": false,
            "skipped": false
          },
          {
            "title": "首字母全拼混合2",
            "fullTitle": "拼音模糊搜索测试 首字母全拼混合2",
            "timedOut": false,
            "duration": 7,
            "state": "passed",
            "speed": "fast",
            "pass": true,
            "fail": false,
            "pending": false,
            "code": "assert.equal(matchPinyin('ajqixe', '啊金奇晓额'), true);\ndone();",
            "err": {},
            "isRoot": false,
            "uuid": "6522a950-7518-40d7-8081-af96e6ecd976",
            "isHook": false,
            "skipped": false
          },
          {
            "title": "首字母全拼混合3",
            "fullTitle": "拼音模糊搜索测试 首字母全拼混合3",
            "timedOut": false,
            "duration": 7,
            "state": "passed",
            "speed": "fast",
            "pass": true,
            "fail": false,
            "pending": false,
            "code": "assert.equal(matchPinyin('ajqxiaoe', '啊金奇晓额'), true);\ndone();",
            "err": {},
            "isRoot": false,
            "uuid": "fa5e4961-4709-4df4-a04a-3a1bb3513d7c",
            "isHook": false,
            "skipped": false
          }
        ],
        "suites": [],
        "passes": [
          "958a49c5-48f8-455d-895d-3120966d50f9",
          "67e49509-cb9a-4315-9a76-e22b8e07f34e",
          "747fafad-94a2-4a0b-897d-813ca6dbef80",
          "ef24d6c9-dac9-450f-8a9c-8df75c603664",
          "e21901c3-58e8-46c4-87c1-6007f79cc865",
          "8a5ca984-dccc-4b0b-b4ad-62a49d18698a",
          "7486f97f-7674-420d-8271-4ffb43a80f85",
          "a862c16f-eba2-4220-b382-a15d909cfb7b",
          "bf7a5d52-7bd0-4dac-b775-4e2cb3bbfa1f",
          "9cc29909-0419-4939-8c9b-1e60fc83cb62",
          "6522a950-7518-40d7-8081-af96e6ecd976",
          "fa5e4961-4709-4df4-a04a-3a1bb3513d7c"
        ],
        "failures": [],
        "pending": [],
        "skipped": [],
        "duration": 450,
        "root": false,
        "rootEmpty": false,
        "_timeout": 2000
      }
    ],
    "passes": [],
    "failures": [],
    "pending": [],
    "skipped": [],
    "duration": 0,
    "root": true,
    "rootEmpty": true,
    "_timeout": 2000
  },
  "copyrightYear": 2019
}