{
  "stats": {
    "suites": 1,
    "tests": 3,
    "passes": 3,
    "pending": 0,
    "failures": 0,
    "start": "2019-04-14T14:49:27.460Z",
    "end": "2019-04-14T14:49:27.729Z",
    "duration": 269,
    "testsRegistered": 3,
    "passPercent": 100,
    "pendingPercent": 0,
    "other": 0,
    "hasOther": false,
    "skipped": 0,
    "hasSkipped": false,
    "passPercentClass": "success",
    "pendingPercentClass": "danger"
  },
  "suites": {
    "uuid": "c4be9039-40d4-4547-b5db-b4e7d52cb8d5",
    "title": "",
    "fullFile": "",
    "file": "",
    "beforeHooks": [],
    "afterHooks": [],
    "tests": [],
    "suites": [
      {
        "uuid": "78804cce-4fb6-4215-8818-a72e2bd2888a",
        "title": "拼音模糊搜索测试",
        "fullFile": "d:\\html\\git\\no-overflow-pinyin\\tests\\util\\matchPinyin.spec.js",
        "file": "\\tests\\util\\matchPinyin.spec.js",
        "beforeHooks": [],
        "afterHooks": [],
        "tests": [
          {
            "title": "全英文匹配",
            "fullTitle": "拼音模糊搜索测试 全英文匹配",
            "timedOut": false,
            "duration": 120,
            "state": "passed",
            "speed": "slow",
            "pass": true,
            "fail": false,
            "pending": false,
            "code": "assert.equal(matchPinyin('asdjqxfgh', 'asdjqxfgh'), true);\ndone();",
            "err": {},
            "isRoot": false,
            "uuid": "b02975b0-0980-410a-a74b-8d09380fc36c",
            "isHook": false,
            "skipped": false
          },
          {
            "title": "全数字匹配",
            "fullTitle": "拼音模糊搜索测试 全数字匹配",
            "timedOut": false,
            "duration": 95,
            "state": "passed",
            "speed": "slow",
            "pass": true,
            "fail": false,
            "pending": false,
            "code": "assert.equal(matchPinyin('12345678', '12345678'), true);\ndone();",
            "err": {},
            "isRoot": false,
            "uuid": "8d131ed5-4af2-46e7-a191-ae60bce2ba67",
            "isHook": false,
            "skipped": false
          },
          {
            "title": "全简单中文匹配",
            "fullTitle": "拼音模糊搜索测试 全简单中文匹配",
            "timedOut": false,
            "duration": 34,
            "state": "passed",
            "speed": "fast",
            "pass": true,
            "fail": false,
            "pending": false,
            "code": "assert.equal(matchPinyin('djqx', '的金奇晓'), true);\ndone();",
            "err": {},
            "isRoot": false,
            "uuid": "af28854b-6ca8-463c-80c6-ec9cd64a6205",
            "isHook": false,
            "skipped": false
          }
        ],
        "suites": [],
        "passes": [
          "b02975b0-0980-410a-a74b-8d09380fc36c",
          "8d131ed5-4af2-46e7-a191-ae60bce2ba67",
          "af28854b-6ca8-463c-80c6-ec9cd64a6205"
        ],
        "failures": [],
        "pending": [],
        "skipped": [],
        "duration": 249,
        "root": false,
        "rootEmpty": false,
        "_timeout": 2000
      }
    ],
    "passes": [],
    "failures": [],
    "pending": [],
    "skipped": [],
    "duration": 0,
    "root": true,
    "rootEmpty": true,
    "_timeout": 2000
  },
  "copyrightYear": 2019
}